-------------------------------------------------------------------------------
Test set: com.Product.ProductAPI.ProductApiApplicationTests
-------------------------------------------------------------------------------
Tests run: 1, Failures: 0, Errors: 1, Skipped: 0, Time elapsed: 8.064 s <<< FAILURE! - in com.Product.ProductAPI.ProductApiApplicationTests
contextLoads  Time elapsed: 0.002 s  <<< ERROR!
java.lang.IllegalStateException: Failed to load ApplicationContext
Caused by: org.springframework.beans.factory.BeanCreationException: Error creating bean with name 'jwtUtils': Injection of autowired dependencies failed; nested exception is java.lang.IllegalArgumentException: Could not resolve placeholder 'sides.app.jwtSecret' in value "${sides.app.jwtSecret}"
Caused by: java.lang.IllegalArgumentException: Could not resolve placeholder 'sides.app.jwtSecret' in value "${sides.app.jwtSecret}"

